app/build/intermediates/manifest_merge_blame_file/debug/manifest-merger-blame-debug-report.txt
1<?xml version="1.0" encoding="utf-8"?>
2<manifest xmlns:android="http://schemas.android.com/apk/res/android"
3    package="com.tencent.yolov8ncnn"
4    android:versionCode="1"
5    android:versionName="1.0" >
6
7    <uses-sdk
8        android:minSdkVersion="24"
8-->src/main/AndroidManifest.xml
9        android:targetSdkVersion="33" />
9-->src/main/AndroidManifest.xml
10
11    <uses-permission android:name="android.permission.CAMERA" />
11-->src/main/AndroidManifest.xml:7:5-65
11-->src/main/AndroidManifest.xml:7:22-62
12
13    <uses-feature android:name="android.hardware.camera2.full" />
13-->src/main/AndroidManifest.xml:8:5-66
13-->src/main/AndroidManifest.xml:8:19-63
14
15    <uses-permission android:name="android.permission.READ_EXTERNAL_STORAGE" />
15-->src/main/AndroidManifest.xml:9:5-80
15-->src/main/AndroidManifest.xml:9:22-77
16    <uses-permission android:name="android.permission.INTERNET" />
16-->src/main/AndroidManifest.xml:10:5-67
16-->src/main/AndroidManifest.xml:10:22-64
17    <uses-permission android:name="android.permission.ACCESS_NETWORK_STATE" />
17-->src/main/AndroidManifest.xml:11:5-79
17-->src/main/AndroidManifest.xml:11:22-76
18    <uses-permission android:name="android.permission.WAKE_LOCK" />
18-->src/main/AndroidManifest.xml:12:5-68
18-->src/main/AndroidManifest.xml:12:22-65
19
20    <permission
20-->[androidx.core:core:1.9.0] AndroidManifest.xml:22:5-24:47
21        android:name="com.tencent.yolov8ncnn.DYNAMIC_RECEIVER_NOT_EXPORTED_PERMISSION"
21-->[androidx.core:core:1.9.0] AndroidManifest.xml:23:9-81
22        android:protectionLevel="signature" />
22-->[androidx.core:core:1.9.0] AndroidManifest.xml:24:9-44
23
24    <uses-permission android:name="com.tencent.yolov8ncnn.DYNAMIC_RECEIVER_NOT_EXPORTED_PERMISSION" />
24-->[androidx.core:core:1.9.0] AndroidManifest.xml:26:5-97
24-->[androidx.core:core:1.9.0] AndroidManifest.xml:26:22-94
25
26    <application
26-->src/main/AndroidManifest.xml:14:5-30:19
27        android:appComponentFactory="androidx.core.app.CoreComponentFactory"
27-->[androidx.core:core:1.9.0] AndroidManifest.xml:28:18-86
28        android:debuggable="true"
29        android:extractNativeLibs="false"
30        android:hardwareAccelerated="false"
30-->src/main/AndroidManifest.xml:17:9-44
31        android:label="@string/app_name"
31-->src/main/AndroidManifest.xml:15:9-41
32        android:supportsRtl="true"
32-->src/main/AndroidManifest.xml:18:9-35
33        android:testOnly="true" >
34        <activity
34-->src/main/AndroidManifest.xml:20:9-29:20
35            android:name="com.tencent.yolov8ncnn.MainActivity"
35-->src/main/AndroidManifest.xml:21:17-44
36            android:exported="true"
36-->src/main/AndroidManifest.xml:22:17-40
37            android:label="@string/app_name"
37-->src/main/AndroidManifest.xml:23:17-49
38            android:screenOrientation="portrait" >
38-->src/main/AndroidManifest.xml:24:17-53
39            <intent-filter>
39-->src/main/AndroidManifest.xml:25:13-28:29
40                <action android:name="android.intent.action.MAIN" />
40-->src/main/AndroidManifest.xml:26:17-69
40-->src/main/AndroidManifest.xml:26:25-66
41
42                <category android:name="android.intent.category.LAUNCHER" />
42-->src/main/AndroidManifest.xml:27:17-77
42-->src/main/AndroidManifest.xml:27:27-74
43            </intent-filter>
44        </activity>
45
46        <provider
46-->[androidx.emoji2:emoji2:1.2.0] AndroidManifest.xml:24:9-32:20
47            android:name="androidx.startup.InitializationProvider"
47-->[androidx.emoji2:emoji2:1.2.0] AndroidManifest.xml:25:13-67
48            android:authorities="com.tencent.yolov8ncnn.androidx-startup"
48-->[androidx.emoji2:emoji2:1.2.0] AndroidManifest.xml:26:13-68
49            android:exported="false" >
49-->[androidx.emoji2:emoji2:1.2.0] AndroidManifest.xml:27:13-37
50            <meta-data
50-->[androidx.emoji2:emoji2:1.2.0] AndroidManifest.xml:29:13-31:52
51                android:name="androidx.emoji2.text.EmojiCompatInitializer"
51-->[androidx.emoji2:emoji2:1.2.0] AndroidManifest.xml:30:17-75
52                android:value="androidx.startup" />
52-->[androidx.emoji2:emoji2:1.2.0] AndroidManifest.xml:31:17-49
53            <meta-data
53-->[androidx.lifecycle:lifecycle-process:2.4.1] AndroidManifest.xml:31:13-33:52
54                android:name="androidx.lifecycle.ProcessLifecycleInitializer"
54-->[androidx.lifecycle:lifecycle-process:2.4.1] AndroidManifest.xml:32:17-78
55                android:value="androidx.startup" />
55-->[androidx.lifecycle:lifecycle-process:2.4.1] AndroidManifest.xml:33:17-49
56        </provider>
57
58        <uses-library
58-->[androidx.window:window:1.0.0] AndroidManifest.xml:25:9-27:40
59            android:name="androidx.window.extensions"
59-->[androidx.window:window:1.0.0] AndroidManifest.xml:26:13-54
60            android:required="false" />
60-->[androidx.window:window:1.0.0] AndroidManifest.xml:27:13-37
61        <uses-library
61-->[androidx.window:window:1.0.0] AndroidManifest.xml:28:9-30:40
62            android:name="androidx.window.sidecar"
62-->[androidx.window:window:1.0.0] AndroidManifest.xml:29:13-51
63            android:required="false" />
63-->[androidx.window:window:1.0.0] AndroidManifest.xml:30:13-37
64    </application>
65
66</manifest>